[2026/06/04 07:09:45.408, java.exe (PID: 32980, TID: 33660), JavaEnvironment.cpp:502 (JavaEnvironment::detect)]
	TRACE: Entering JavaEnvironment::detect
[2026/06/04 07:09:45.410, java.exe (PID: 32980, TID: 33660), JavaEnvironment.cpp:519 (JavaEnvironment::detect)]
	TRACE: Installed Java detected: version=1.8.0_351; arch=64; productCode={26A24AE4-039D-4CA4-87B4-2F64180351F0}; type=0
[2026/06/04 07:09:45.416, java.exe (PID: 32980, TID: 33660), JavaEnvironment.cpp:519 (JavaEnvironment::detect)]
	TRACE: Installed Java detected: version=; arch=64; productCode={DA08718E-972A-58E7-AE7E-C45114C82E13}; type=1
[2026/06/04 07:09:45.417, java.exe (PID: 32980, TID: 33660), JavaEnvironment.cpp:135 (`anonymous-namespace'::detectHomeDir)]
	TRACE: Find home dir of {DA08718E-972A-58E7-AE7E-C45114C82E13} Java installation
[2026/06/04 07:09:45.417, java.exe (PID: 32980, TID: 33660), JavaEnvironment.cpp:302 (`anonymous-namespace'::detectFullVersion)]
	TRACE: Detect full version of {DA08718E-972A-58E7-AE7E-C45114C82E13} Java installation
[2026/06/04 07:09:45.417, java.exe (PID: 32980, TID: 33660), JavaEnvironment.cpp:213 (`anonymous-namespace'::detectFullVersionFromMsi)]
	TRACE: detectFullVersionFromMsi({DA08718E-972A-58E7-AE7E-C45114C82E13})
[2026/06/04 07:09:45.421, java.exe (PID: 32980, TID: 33660), JavaEnvironment.cpp:481 (`anonymous-namespace'::getInstalledJava)]
	TRACE: InstalledJava(17.0.12+8|17.0.12+8|JDK|64bit|D:\java17|{DA08718E-972A-58E7-AE7E-C45114C82E13}|-10|)
[2026/06/04 07:09:45.422, java.exe (PID: 32980, TID: 33660), JavaEnvironment.cpp:519 (JavaEnvironment::detect)]
	TRACE: Installed Java detected: version=; arch=64; productCode={AA2685C5-73D8-54BD-A9B7-2701251A8921}; type=1
[2026/06/04 07:09:45.422, java.exe (PID: 32980, TID: 33660), JavaEnvironment.cpp:135 (`anonymous-namespace'::detectHomeDir)]
	TRACE: Find home dir of {AA2685C5-73D8-54BD-A9B7-2701251A8921} Java installation
[2026/06/04 07:09:45.422, java.exe (PID: 32980, TID: 33660), JavaEnvironment.cpp:302 (`anonymous-namespace'::detectFullVersion)]
	TRACE: Detect full version of {AA2685C5-73D8-54BD-A9B7-2701251A8921} Java installation
[2026/06/04 07:09:45.422, java.exe (PID: 32980, TID: 33660), JavaEnvironment.cpp:213 (`anonymous-namespace'::detectFullVersionFromMsi)]
	TRACE: detectFullVersionFromMsi({AA2685C5-73D8-54BD-A9B7-2701251A8921})
[2026/06/04 07:09:45.424, java.exe (PID: 32980, TID: 33660), JavaEnvironment.cpp:481 (`anonymous-namespace'::getInstalledJava)]
	TRACE: InstalledJava(22.0.2+9|22.0.2+9|JDK|64bit|C:\Program Files\Java\jdk-22|{AA2685C5-73D8-54BD-A9B7-2701251A8921}|-10|)
[2026/06/04 07:09:45.425, java.exe (PID: 32980, TID: 33660), JavaEnvironment.cpp:0 (JavaEnvironment::detect)]
	TRACE: Exiting JavaEnvironment::detect (entered at JavaEnvironment.cpp:502)
[2026/06/04 07:09:45.484, java.exe (PID: 32980, TID: 33660), Executor.cpp:706 (Executor2::startProcess)]
	TRACE: CreateProcess(C:\Program Files\Java\jdk-22\bin\java.exe, "C:\Program Files\Java\jdk-22\bin\java.exe" -version) succeeded; PID=33420
[2026/06/04 07:09:45.764, java.exe (PID: 32980, TID: 33660), Executor.cpp:667 (Executor2::execAndWait)]
	TRACE: Process with PID=33420 terminated. Exit code=0
[2026/06/04 07:09:45.832, java.exe (PID: 33028, TID: 39684), JavaEnvironment.cpp:502 (JavaEnvironment::detect)]
	TRACE: Entering JavaEnvironment::detect
[2026/06/04 07:09:45.834, java.exe (PID: 33028, TID: 39684), JavaEnvironment.cpp:519 (JavaEnvironment::detect)]
	TRACE: Installed Java detected: version=1.8.0_351; arch=64; productCode={26A24AE4-039D-4CA4-87B4-2F64180351F0}; type=0
[2026/06/04 07:09:45.838, java.exe (PID: 33028, TID: 39684), JavaEnvironment.cpp:519 (JavaEnvironment::detect)]
	TRACE: Installed Java detected: version=; arch=64; productCode={DA08718E-972A-58E7-AE7E-C45114C82E13}; type=1
[2026/06/04 07:09:45.838, java.exe (PID: 33028, TID: 39684), JavaEnvironment.cpp:135 (`anonymous-namespace'::detectHomeDir)]
	TRACE: Find home dir of {DA08718E-972A-58E7-AE7E-C45114C82E13} Java installation
[2026/06/04 07:09:45.839, java.exe (PID: 33028, TID: 39684), JavaEnvironment.cpp:302 (`anonymous-namespace'::detectFullVersion)]
	TRACE: Detect full version of {DA08718E-972A-58E7-AE7E-C45114C82E13} Java installation
[2026/06/04 07:09:45.839, java.exe (PID: 33028, TID: 39684), JavaEnvironment.cpp:213 (`anonymous-namespace'::detectFullVersionFromMsi)]
	TRACE: detectFullVersionFromMsi({DA08718E-972A-58E7-AE7E-C45114C82E13})
[2026/06/04 07:09:45.842, java.exe (PID: 33028, TID: 39684), JavaEnvironment.cpp:481 (`anonymous-namespace'::getInstalledJava)]
	TRACE: InstalledJava(17.0.12+8|17.0.12+8|JDK|64bit|D:\java17|{DA08718E-972A-58E7-AE7E-C45114C82E13}|-10|)
[2026/06/04 07:09:45.843, java.exe (PID: 33028, TID: 39684), JavaEnvironment.cpp:519 (JavaEnvironment::detect)]
	TRACE: Installed Java detected: version=; arch=64; productCode={AA2685C5-73D8-54BD-A9B7-2701251A8921}; type=1
[2026/06/04 07:09:45.844, java.exe (PID: 33028, TID: 39684), JavaEnvironment.cpp:135 (`anonymous-namespace'::detectHomeDir)]
	TRACE: Find home dir of {AA2685C5-73D8-54BD-A9B7-2701251A8921} Java installation
[2026/06/04 07:09:45.844, java.exe (PID: 33028, TID: 39684), JavaEnvironment.cpp:302 (`anonymous-namespace'::detectFullVersion)]
	TRACE: Detect full version of {AA2685C5-73D8-54BD-A9B7-2701251A8921} Java installation
[2026/06/04 07:09:45.844, java.exe (PID: 33028, TID: 39684), JavaEnvironment.cpp:213 (`anonymous-namespace'::detectFullVersionFromMsi)]
	TRACE: detectFullVersionFromMsi({AA2685C5-73D8-54BD-A9B7-2701251A8921})
[2026/06/04 07:09:45.845, java.exe (PID: 33028, TID: 39684), JavaEnvironment.cpp:481 (`anonymous-namespace'::getInstalledJava)]
	TRACE: InstalledJava(22.0.2+9|22.0.2+9|JDK|64bit|C:\Program Files\Java\jdk-22|{AA2685C5-73D8-54BD-A9B7-2701251A8921}|-10|)
[2026/06/04 07:09:45.847, java.exe (PID: 33028, TID: 39684), JavaEnvironment.cpp:0 (JavaEnvironment::detect)]
	TRACE: Exiting JavaEnvironment::detect (entered at JavaEnvironment.cpp:502)
[2026/06/04 07:09:46.868, java.exe (PID: 33028, TID: 39684), Executor.cpp:706 (Executor2::startProcess)]
	TRACE: CreateProcess(C:\Program Files\Java\jdk-22\bin\java.exe, "C:\Program Files\Java\jdk-22\bin\java.exe" -Xmx64m -Xms64m -Dorg.gradle.wrapper.networkTimeout=120000 -Dorg.gradle.appname=gradlew -classpath D:\gtnhcode\AdvanceDataMonitor429\\gradle\wrapper\gradle-wrapper.jar org.gradle.wrapper.GradleWrapperMain compileJava) succeeded; PID=31040
[2026/06/04 07:17:32.496, java.exe (PID: 33028, TID: 39684), Executor.cpp:667 (Executor2::execAndWait)]
	TRACE: Process with PID=31040 terminated. Exit code=1
